<testsuites id="" name="" tests="196" failures="0" skipped="196" errors="0" time="0.48275199999999996">
<testsuite name="admin-flows.test.ts" timestamp="2025-09-14T14:40:45.674Z" hostname="chromium" tests="7" failures="0" skipped="7" time="0" errors="0">
<testcase name="Admin Flows › should allow admin to access admin dashboard" classname="admin-flows.test.ts" time="0">
<skipped>
</skipped>
</testcase>
<testcase name="Admin Flows › should allow admin to navigate to security monitor" classname="admin-flows.test.ts" time="0">
<skipped>
</skipped>
</testcase>
<testcase name="Admin Flows › should allow admin to navigate to data quality" classname="admin-flows.test.ts" time="0">
<skipped>
</skipped>
</testcase>
<testcase name="Admin Flows › should allow admin to create new perfume" classname="admin-flows.test.ts" time="0">
<skipped>
</skipped>
</testcase>
<testcase name="Admin Flows › should allow admin to create new perfume house" classname="admin-flows.test.ts" time="0">
<skipped>
</skipped>
</testcase>
<testcase name="Admin Flows › should redirect non-admin users from admin pages" classname="admin-flows.test.ts" time="0">
<skipped>
</skipped>
</testcase>
<testcase name="Admin Flows › should allow admin to logout" classname="admin-flows.test.ts" time="0">
<skipped>
</skipped>
</testcase>
</testsuite>
<testsuite name="basic-functionality.test.ts" timestamp="2025-09-14T14:40:45.674Z" hostname="chromium" tests="4" failures="0" skipped="4" time="0" errors="0">
<testcase name="Basic Application Functionality › should load the home page successfully" classname="basic-functionality.test.ts" time="0">
<skipped>
</skipped>
</testcase>
<testcase name="Basic Application Functionality › should have working navigation" classname="basic-functionality.test.ts" time="0">
<skipped>
</skipped>
</testcase>
<testcase name="Basic Application Functionality › should handle page interactions without errors" classname="basic-functionality.test.ts" time="0">
<skipped>
</skipped>
</testcase>
<testcase name="Basic Application Functionality › should be responsive on mobile" classname="basic-functionality.test.ts" time="0">
<skipped>
</skipped>
</testcase>
</testsuite>
<testsuite name="critical-user-flows.test.ts" timestamp="2025-09-14T14:40:45.674Z" hostname="chromium" tests="17" failures="0" skipped="17" time="0" errors="0">
<testcase name="Critical User Flows › Authentication Flows › should allow user to sign up with valid credentials" classname="critical-user-flows.test.ts" time="0">
<skipped>
</skipped>
</testcase>
<testcase name="Critical User Flows › Authentication Flows › should allow user to login with valid credentials" classname="critical-user-flows.test.ts" time="0">
<skipped>
</skipped>
</testcase>
<testcase name="Critical User Flows › Authentication Flows › should show error for invalid login credentials" classname="critical-user-flows.test.ts" time="0">
<skipped>
</skipped>
</testcase>
<testcase name="Critical User Flows › Authentication Flows › should validate password strength during sign up" classname="critical-user-flows.test.ts" time="0">
<skipped>
</skipped>
</testcase>
<testcase name="Critical User Flows › Perfume Browsing Flows › should allow user to browse perfumes in the vault" classname="critical-user-flows.test.ts" time="0">
<skipped>
</skipped>
</testcase>
<testcase name="Critical User Flows › Perfume Browsing Flows › should allow user to search for perfumes" classname="critical-user-flows.test.ts" time="0">
<skipped>
</skipped>
</testcase>
<testcase name="Critical User Flows › Perfume Browsing Flows › should allow user to filter perfumes by letter" classname="critical-user-flows.test.ts" time="0">
<skipped>
</skipped>
</testcase>
<testcase name="Critical User Flows › Perfume Browsing Flows › should allow user to sort perfumes" classname="critical-user-flows.test.ts" time="0">
<skipped>
</skipped>
</testcase>
<testcase name="Critical User Flows › Perfume Browsing Flows › should show no results message for invalid search" classname="critical-user-flows.test.ts" time="0">
<skipped>
</skipped>
</testcase>
<testcase name="Critical User Flows › Perfume Detail Flows › should allow user to view perfume details" classname="critical-user-flows.test.ts" time="0">
<skipped>
</skipped>
</testcase>
<testcase name="Critical User Flows › Perfume Detail Flows › should allow user to add perfume to wishlist" classname="critical-user-flows.test.ts" time="0">
<skipped>
</skipped>
</testcase>
<testcase name="Critical User Flows › Perfume Detail Flows › should allow user to rate a perfume" classname="critical-user-flows.test.ts" time="0">
<skipped>
</skipped>
</testcase>
<testcase name="Critical User Flows › Navigation Flows › should allow user to navigate between pages" classname="critical-user-flows.test.ts" time="0">
<skipped>
</skipped>
</testcase>
<testcase name="Critical User Flows › Navigation Flows › should maintain state when navigating back" classname="critical-user-flows.test.ts" time="0">
<skipped>
</skipped>
</testcase>
<testcase name="Critical User Flows › Error Handling Flows › should handle network errors gracefully" classname="critical-user-flows.test.ts" time="0">
<skipped>
</skipped>
</testcase>
<testcase name="Critical User Flows › Error Handling Flows › should show appropriate error messages" classname="critical-user-flows.test.ts" time="0">
<skipped>
</skipped>
</testcase>
<testcase name="Critical User Flows › Mobile Responsiveness › should work correctly on mobile devices" classname="critical-user-flows.test.ts" time="0">
<skipped>
</skipped>
</testcase>
</testsuite>
<testsuite name="admin-flows.test.ts" timestamp="2025-09-14T14:40:45.674Z" hostname="firefox" tests="7" failures="0" skipped="7" time="0" errors="0">
<testcase name="Admin Flows › should allow admin to access admin dashboard" classname="admin-flows.test.ts" time="0">
<skipped>
</skipped>
</testcase>
<testcase name="Admin Flows › should allow admin to navigate to security monitor" classname="admin-flows.test.ts" time="0">
<skipped>
</skipped>
</testcase>
<testcase name="Admin Flows › should allow admin to navigate to data quality" classname="admin-flows.test.ts" time="0">
<skipped>
</skipped>
</testcase>
<testcase name="Admin Flows › should allow admin to create new perfume" classname="admin-flows.test.ts" time="0">
<skipped>
</skipped>
</testcase>
<testcase name="Admin Flows › should allow admin to create new perfume house" classname="admin-flows.test.ts" time="0">
<skipped>
</skipped>
</testcase>
<testcase name="Admin Flows › should redirect non-admin users from admin pages" classname="admin-flows.test.ts" time="0">
<skipped>
</skipped>
</testcase>
<testcase name="Admin Flows › should allow admin to logout" classname="admin-flows.test.ts" time="0">
<skipped>
</skipped>
</testcase>
</testsuite>
<testsuite name="basic-functionality.test.ts" timestamp="2025-09-14T14:40:45.674Z" hostname="firefox" tests="4" failures="0" skipped="4" time="0" errors="0">
<testcase name="Basic Application Functionality › should load the home page successfully" classname="basic-functionality.test.ts" time="0">
<skipped>
</skipped>
</testcase>
<testcase name="Basic Application Functionality › should have working navigation" classname="basic-functionality.test.ts" time="0">
<skipped>
</skipped>
</testcase>
<testcase name="Basic Application Functionality › should handle page interactions without errors" classname="basic-functionality.test.ts" time="0">
<skipped>
</skipped>
</testcase>
<testcase name="Basic Application Functionality › should be responsive on mobile" classname="basic-functionality.test.ts" time="0">
<skipped>
</skipped>
</testcase>
</testsuite>
<testsuite name="critical-user-flows.test.ts" timestamp="2025-09-14T14:40:45.674Z" hostname="firefox" tests="17" failures="0" skipped="17" time="0" errors="0">
<testcase name="Critical User Flows › Authentication Flows › should allow user to sign up with valid credentials" classname="critical-user-flows.test.ts" time="0">
<skipped>
</skipped>
</testcase>
<testcase name="Critical User Flows › Authentication Flows › should allow user to login with valid credentials" classname="critical-user-flows.test.ts" time="0">
<skipped>
</skipped>
</testcase>
<testcase name="Critical User Flows › Authentication Flows › should show error for invalid login credentials" classname="critical-user-flows.test.ts" time="0">
<skipped>
</skipped>
</testcase>
<testcase name="Critical User Flows › Authentication Flows › should validate password strength during sign up" classname="critical-user-flows.test.ts" time="0">
<skipped>
</skipped>
</testcase>
<testcase name="Critical User Flows › Perfume Browsing Flows › should allow user to browse perfumes in the vault" classname="critical-user-flows.test.ts" time="0">
<skipped>
</skipped>
</testcase>
<testcase name="Critical User Flows › Perfume Browsing Flows › should allow user to search for perfumes" classname="critical-user-flows.test.ts" time="0">
<skipped>
</skipped>
</testcase>
<testcase name="Critical User Flows › Perfume Browsing Flows › should allow user to filter perfumes by letter" classname="critical-user-flows.test.ts" time="0">
<skipped>
</skipped>
</testcase>
<testcase name="Critical User Flows › Perfume Browsing Flows › should allow user to sort perfumes" classname="critical-user-flows.test.ts" time="0">
<skipped>
</skipped>
</testcase>
<testcase name="Critical User Flows › Perfume Browsing Flows › should show no results message for invalid search" classname="critical-user-flows.test.ts" time="0">
<skipped>
</skipped>
</testcase>
<testcase name="Critical User Flows › Perfume Detail Flows › should allow user to view perfume details" classname="critical-user-flows.test.ts" time="0">
<skipped>
</skipped>
</testcase>
<testcase name="Critical User Flows › Perfume Detail Flows › should allow user to add perfume to wishlist" classname="critical-user-flows.test.ts" time="0">
<skipped>
</skipped>
</testcase>
<testcase name="Critical User Flows › Perfume Detail Flows › should allow user to rate a perfume" classname="critical-user-flows.test.ts" time="0">
<skipped>
</skipped>
</testcase>
<testcase name="Critical User Flows › Navigation Flows › should allow user to navigate between pages" classname="critical-user-flows.test.ts" time="0">
<skipped>
</skipped>
</testcase>
<testcase name="Critical User Flows › Navigation Flows › should maintain state when navigating back" classname="critical-user-flows.test.ts" time="0">
<skipped>
</skipped>
</testcase>
<testcase name="Critical User Flows › Error Handling Flows › should handle network errors gracefully" classname="critical-user-flows.test.ts" time="0">
<skipped>
</skipped>
</testcase>
<testcase name="Critical User Flows › Error Handling Flows › should show appropriate error messages" classname="critical-user-flows.test.ts" time="0">
<skipped>
</skipped>
</testcase>
<testcase name="Critical User Flows › Mobile Responsiveness › should work correctly on mobile devices" classname="critical-user-flows.test.ts" time="0">
<skipped>
</skipped>
</testcase>
</testsuite>
<testsuite name="admin-flows.test.ts" timestamp="2025-09-14T14:40:45.674Z" hostname="webkit" tests="7" failures="0" skipped="7" time="0" errors="0">
<testcase name="Admin Flows › should allow admin to access admin dashboard" classname="admin-flows.test.ts" time="0">
<skipped>
</skipped>
</testcase>
<testcase name="Admin Flows › should allow admin to navigate to security monitor" classname="admin-flows.test.ts" time="0">
<skipped>
</skipped>
</testcase>
<testcase name="Admin Flows › should allow admin to navigate to data quality" classname="admin-flows.test.ts" time="0">
<skipped>
</skipped>
</testcase>
<testcase name="Admin Flows › should allow admin to create new perfume" classname="admin-flows.test.ts" time="0">
<skipped>
</skipped>
</testcase>
<testcase name="Admin Flows › should allow admin to create new perfume house" classname="admin-flows.test.ts" time="0">
<skipped>
</skipped>
</testcase>
<testcase name="Admin Flows › should redirect non-admin users from admin pages" classname="admin-flows.test.ts" time="0">
<skipped>
</skipped>
</testcase>
<testcase name="Admin Flows › should allow admin to logout" classname="admin-flows.test.ts" time="0">
<skipped>
</skipped>
</testcase>
</testsuite>
<testsuite name="basic-functionality.test.ts" timestamp="2025-09-14T14:40:45.674Z" hostname="webkit" tests="4" failures="0" skipped="4" time="0" errors="0">
<testcase name="Basic Application Functionality › should load the home page successfully" classname="basic-functionality.test.ts" time="0">
<skipped>
</skipped>
</testcase>
<testcase name="Basic Application Functionality › should have working navigation" classname="basic-functionality.test.ts" time="0">
<skipped>
</skipped>
</testcase>
<testcase name="Basic Application Functionality › should handle page interactions without errors" classname="basic-functionality.test.ts" time="0">
<skipped>
</skipped>
</testcase>
<testcase name="Basic Application Functionality › should be responsive on mobile" classname="basic-functionality.test.ts" time="0">
<skipped>
</skipped>
</testcase>
</testsuite>
<testsuite name="critical-user-flows.test.ts" timestamp="2025-09-14T14:40:45.674Z" hostname="webkit" tests="17" failures="0" skipped="17" time="0" errors="0">
<testcase name="Critical User Flows › Authentication Flows › should allow user to sign up with valid credentials" classname="critical-user-flows.test.ts" time="0">
<skipped>
</skipped>
</testcase>
<testcase name="Critical User Flows › Authentication Flows › should allow user to login with valid credentials" classname="critical-user-flows.test.ts" time="0">
<skipped>
</skipped>
</testcase>
<testcase name="Critical User Flows › Authentication Flows › should show error for invalid login credentials" classname="critical-user-flows.test.ts" time="0">
<skipped>
</skipped>
</testcase>
<testcase name="Critical User Flows › Authentication Flows › should validate password strength during sign up" classname="critical-user-flows.test.ts" time="0">
<skipped>
</skipped>
</testcase>
<testcase name="Critical User Flows › Perfume Browsing Flows › should allow user to browse perfumes in the vault" classname="critical-user-flows.test.ts" time="0">
<skipped>
</skipped>
</testcase>
<testcase name="Critical User Flows › Perfume Browsing Flows › should allow user to search for perfumes" classname="critical-user-flows.test.ts" time="0">
<skipped>
</skipped>
</testcase>
<testcase name="Critical User Flows › Perfume Browsing Flows › should allow user to filter perfumes by letter" classname="critical-user-flows.test.ts" time="0">
<skipped>
</skipped>
</testcase>
<testcase name="Critical User Flows › Perfume Browsing Flows › should allow user to sort perfumes" classname="critical-user-flows.test.ts" time="0">
<skipped>
</skipped>
</testcase>
<testcase name="Critical User Flows › Perfume Browsing Flows › should show no results message for invalid search" classname="critical-user-flows.test.ts" time="0">
<skipped>
</skipped>
</testcase>
<testcase name="Critical User Flows › Perfume Detail Flows › should allow user to view perfume details" classname="critical-user-flows.test.ts" time="0">
<skipped>
</skipped>
</testcase>
<testcase name="Critical User Flows › Perfume Detail Flows › should allow user to add perfume to wishlist" classname="critical-user-flows.test.ts" time="0">
<skipped>
</skipped>
</testcase>
<testcase name="Critical User Flows › Perfume Detail Flows › should allow user to rate a perfume" classname="critical-user-flows.test.ts" time="0">
<skipped>
</skipped>
</testcase>
<testcase name="Critical User Flows › Navigation Flows › should allow user to navigate between pages" classname="critical-user-flows.test.ts" time="0">
<skipped>
</skipped>
</testcase>
<testcase name="Critical User Flows › Navigation Flows › should maintain state when navigating back" classname="critical-user-flows.test.ts" time="0">
<skipped>
</skipped>
</testcase>
<testcase name="Critical User Flows › Error Handling Flows › should handle network errors gracefully" classname="critical-user-flows.test.ts" time="0">
<skipped>
</skipped>
</testcase>
<testcase name="Critical User Flows › Error Handling Flows › should show appropriate error messages" classname="critical-user-flows.test.ts" time="0">
<skipped>
</skipped>
</testcase>
<testcase name="Critical User Flows › Mobile Responsiveness › should work correctly on mobile devices" classname="critical-user-flows.test.ts" time="0">
<skipped>
</skipped>
</testcase>
</testsuite>
<testsuite name="admin-flows.test.ts" timestamp="2025-09-14T14:40:45.674Z" hostname="Mobile Chrome" tests="7" failures="0" skipped="7" time="0" errors="0">
<testcase name="Admin Flows › should allow admin to access admin dashboard" classname="admin-flows.test.ts" time="0">
<skipped>
</skipped>
</testcase>
<testcase name="Admin Flows › should allow admin to navigate to security monitor" classname="admin-flows.test.ts" time="0">
<skipped>
</skipped>
</testcase>
<testcase name="Admin Flows › should allow admin to navigate to data quality" classname="admin-flows.test.ts" time="0">
<skipped>
</skipped>
</testcase>
<testcase name="Admin Flows › should allow admin to create new perfume" classname="admin-flows.test.ts" time="0">
<skipped>
</skipped>
</testcase>
<testcase name="Admin Flows › should allow admin to create new perfume house" classname="admin-flows.test.ts" time="0">
<skipped>
</skipped>
</testcase>
<testcase name="Admin Flows › should redirect non-admin users from admin pages" classname="admin-flows.test.ts" time="0">
<skipped>
</skipped>
</testcase>
<testcase name="Admin Flows › should allow admin to logout" classname="admin-flows.test.ts" time="0">
<skipped>
</skipped>
</testcase>
</testsuite>
<testsuite name="basic-functionality.test.ts" timestamp="2025-09-14T14:40:45.674Z" hostname="Mobile Chrome" tests="4" failures="0" skipped="4" time="0" errors="0">
<testcase name="Basic Application Functionality › should load the home page successfully" classname="basic-functionality.test.ts" time="0">
<skipped>
</skipped>
</testcase>
<testcase name="Basic Application Functionality › should have working navigation" classname="basic-functionality.test.ts" time="0">
<skipped>
</skipped>
</testcase>
<testcase name="Basic Application Functionality › should handle page interactions without errors" classname="basic-functionality.test.ts" time="0">
<skipped>
</skipped>
</testcase>
<testcase name="Basic Application Functionality › should be responsive on mobile" classname="basic-functionality.test.ts" time="0">
<skipped>
</skipped>
</testcase>
</testsuite>
<testsuite name="critical-user-flows.test.ts" timestamp="2025-09-14T14:40:45.674Z" hostname="Mobile Chrome" tests="17" failures="0" skipped="17" time="0" errors="0">
<testcase name="Critical User Flows › Authentication Flows › should allow user to sign up with valid credentials" classname="critical-user-flows.test.ts" time="0">
<skipped>
</skipped>
</testcase>
<testcase name="Critical User Flows › Authentication Flows › should allow user to login with valid credentials" classname="critical-user-flows.test.ts" time="0">
<skipped>
</skipped>
</testcase>
<testcase name="Critical User Flows › Authentication Flows › should show error for invalid login credentials" classname="critical-user-flows.test.ts" time="0">
<skipped>
</skipped>
</testcase>
<testcase name="Critical User Flows › Authentication Flows › should validate password strength during sign up" classname="critical-user-flows.test.ts" time="0">
<skipped>
</skipped>
</testcase>
<testcase name="Critical User Flows › Perfume Browsing Flows › should allow user to browse perfumes in the vault" classname="critical-user-flows.test.ts" time="0">
<skipped>
</skipped>
</testcase>
<testcase name="Critical User Flows › Perfume Browsing Flows › should allow user to search for perfumes" classname="critical-user-flows.test.ts" time="0">
<skipped>
</skipped>
</testcase>
<testcase name="Critical User Flows › Perfume Browsing Flows › should allow user to filter perfumes by letter" classname="critical-user-flows.test.ts" time="0">
<skipped>
</skipped>
</testcase>
<testcase name="Critical User Flows › Perfume Browsing Flows › should allow user to sort perfumes" classname="critical-user-flows.test.ts" time="0">
<skipped>
</skipped>
</testcase>
<testcase name="Critical User Flows › Perfume Browsing Flows › should show no results message for invalid search" classname="critical-user-flows.test.ts" time="0">
<skipped>
</skipped>
</testcase>
<testcase name="Critical User Flows › Perfume Detail Flows › should allow user to view perfume details" classname="critical-user-flows.test.ts" time="0">
<skipped>
</skipped>
</testcase>
<testcase name="Critical User Flows › Perfume Detail Flows › should allow user to add perfume to wishlist" classname="critical-user-flows.test.ts" time="0">
<skipped>
</skipped>
</testcase>
<testcase name="Critical User Flows › Perfume Detail Flows › should allow user to rate a perfume" classname="critical-user-flows.test.ts" time="0">
<skipped>
</skipped>
</testcase>
<testcase name="Critical User Flows › Navigation Flows › should allow user to navigate between pages" classname="critical-user-flows.test.ts" time="0">
<skipped>
</skipped>
</testcase>
<testcase name="Critical User Flows › Navigation Flows › should maintain state when navigating back" classname="critical-user-flows.test.ts" time="0">
<skipped>
</skipped>
</testcase>
<testcase name="Critical User Flows › Error Handling Flows › should handle network errors gracefully" classname="critical-user-flows.test.ts" time="0">
<skipped>
</skipped>
</testcase>
<testcase name="Critical User Flows › Error Handling Flows › should show appropriate error messages" classname="critical-user-flows.test.ts" time="0">
<skipped>
</skipped>
</testcase>
<testcase name="Critical User Flows › Mobile Responsiveness › should work correctly on mobile devices" classname="critical-user-flows.test.ts" time="0">
<skipped>
</skipped>
</testcase>
</testsuite>
<testsuite name="admin-flows.test.ts" timestamp="2025-09-14T14:40:45.674Z" hostname="Mobile Safari" tests="7" failures="0" skipped="7" time="0" errors="0">
<testcase name="Admin Flows › should allow admin to access admin dashboard" classname="admin-flows.test.ts" time="0">
<skipped>
</skipped>
</testcase>
<testcase name="Admin Flows › should allow admin to navigate to security monitor" classname="admin-flows.test.ts" time="0">
<skipped>
</skipped>
</testcase>
<testcase name="Admin Flows › should allow admin to navigate to data quality" classname="admin-flows.test.ts" time="0">
<skipped>
</skipped>
</testcase>
<testcase name="Admin Flows › should allow admin to create new perfume" classname="admin-flows.test.ts" time="0">
<skipped>
</skipped>
</testcase>
<testcase name="Admin Flows › should allow admin to create new perfume house" classname="admin-flows.test.ts" time="0">
<skipped>
</skipped>
</testcase>
<testcase name="Admin Flows › should redirect non-admin users from admin pages" classname="admin-flows.test.ts" time="0">
<skipped>
</skipped>
</testcase>
<testcase name="Admin Flows › should allow admin to logout" classname="admin-flows.test.ts" time="0">
<skipped>
</skipped>
</testcase>
</testsuite>
<testsuite name="basic-functionality.test.ts" timestamp="2025-09-14T14:40:45.674Z" hostname="Mobile Safari" tests="4" failures="0" skipped="4" time="0" errors="0">
<testcase name="Basic Application Functionality › should load the home page successfully" classname="basic-functionality.test.ts" time="0">
<skipped>
</skipped>
</testcase>
<testcase name="Basic Application Functionality › should have working navigation" classname="basic-functionality.test.ts" time="0">
<skipped>
</skipped>
</testcase>
<testcase name="Basic Application Functionality › should handle page interactions without errors" classname="basic-functionality.test.ts" time="0">
<skipped>
</skipped>
</testcase>
<testcase name="Basic Application Functionality › should be responsive on mobile" classname="basic-functionality.test.ts" time="0">
<skipped>
</skipped>
</testcase>
</testsuite>
<testsuite name="critical-user-flows.test.ts" timestamp="2025-09-14T14:40:45.674Z" hostname="Mobile Safari" tests="17" failures="0" skipped="17" time="0" errors="0">
<testcase name="Critical User Flows › Authentication Flows › should allow user to sign up with valid credentials" classname="critical-user-flows.test.ts" time="0">
<skipped>
</skipped>
</testcase>
<testcase name="Critical User Flows › Authentication Flows › should allow user to login with valid credentials" classname="critical-user-flows.test.ts" time="0">
<skipped>
</skipped>
</testcase>
<testcase name="Critical User Flows › Authentication Flows › should show error for invalid login credentials" classname="critical-user-flows.test.ts" time="0">
<skipped>
</skipped>
</testcase>
<testcase name="Critical User Flows › Authentication Flows › should validate password strength during sign up" classname="critical-user-flows.test.ts" time="0">
<skipped>
</skipped>
</testcase>
<testcase name="Critical User Flows › Perfume Browsing Flows › should allow user to browse perfumes in the vault" classname="critical-user-flows.test.ts" time="0">
<skipped>
</skipped>
</testcase>
<testcase name="Critical User Flows › Perfume Browsing Flows › should allow user to search for perfumes" classname="critical-user-flows.test.ts" time="0">
<skipped>
</skipped>
</testcase>
<testcase name="Critical User Flows › Perfume Browsing Flows › should allow user to filter perfumes by letter" classname="critical-user-flows.test.ts" time="0">
<skipped>
</skipped>
</testcase>
<testcase name="Critical User Flows › Perfume Browsing Flows › should allow user to sort perfumes" classname="critical-user-flows.test.ts" time="0">
<skipped>
</skipped>
</testcase>
<testcase name="Critical User Flows › Perfume Browsing Flows › should show no results message for invalid search" classname="critical-user-flows.test.ts" time="0">
<skipped>
</skipped>
</testcase>
<testcase name="Critical User Flows › Perfume Detail Flows › should allow user to view perfume details" classname="critical-user-flows.test.ts" time="0">
<skipped>
</skipped>
</testcase>
<testcase name="Critical User Flows › Perfume Detail Flows › should allow user to add perfume to wishlist" classname="critical-user-flows.test.ts" time="0">
<skipped>
</skipped>
</testcase>
<testcase name="Critical User Flows › Perfume Detail Flows › should allow user to rate a perfume" classname="critical-user-flows.test.ts" time="0">
<skipped>
</skipped>
</testcase>
<testcase name="Critical User Flows › Navigation Flows › should allow user to navigate between pages" classname="critical-user-flows.test.ts" time="0">
<skipped>
</skipped>
</testcase>
<testcase name="Critical User Flows › Navigation Flows › should maintain state when navigating back" classname="critical-user-flows.test.ts" time="0">
<skipped>
</skipped>
</testcase>
<testcase name="Critical User Flows › Error Handling Flows › should handle network errors gracefully" classname="critical-user-flows.test.ts" time="0">
<skipped>
</skipped>
</testcase>
<testcase name="Critical User Flows › Error Handling Flows › should show appropriate error messages" classname="critical-user-flows.test.ts" time="0">
<skipped>
</skipped>
</testcase>
<testcase name="Critical User Flows › Mobile Responsiveness › should work correctly on mobile devices" classname="critical-user-flows.test.ts" time="0">
<skipped>
</skipped>
</testcase>
</testsuite>
<testsuite name="admin-flows.test.ts" timestamp="2025-09-14T14:40:45.674Z" hostname="Microsoft Edge" tests="7" failures="0" skipped="7" time="0" errors="0">
<testcase name="Admin Flows › should allow admin to access admin dashboard" classname="admin-flows.test.ts" time="0">
<skipped>
</skipped>
</testcase>
<testcase name="Admin Flows › should allow admin to navigate to security monitor" classname="admin-flows.test.ts" time="0">
<skipped>
</skipped>
</testcase>
<testcase name="Admin Flows › should allow admin to navigate to data quality" classname="admin-flows.test.ts" time="0">
<skipped>
</skipped>
</testcase>
<testcase name="Admin Flows › should allow admin to create new perfume" classname="admin-flows.test.ts" time="0">
<skipped>
</skipped>
</testcase>
<testcase name="Admin Flows › should allow admin to create new perfume house" classname="admin-flows.test.ts" time="0">
<skipped>
</skipped>
</testcase>
<testcase name="Admin Flows › should redirect non-admin users from admin pages" classname="admin-flows.test.ts" time="0">
<skipped>
</skipped>
</testcase>
<testcase name="Admin Flows › should allow admin to logout" classname="admin-flows.test.ts" time="0">
<skipped>
</skipped>
</testcase>
</testsuite>
<testsuite name="basic-functionality.test.ts" timestamp="2025-09-14T14:40:45.674Z" hostname="Microsoft Edge" tests="4" failures="0" skipped="4" time="0" errors="0">
<testcase name="Basic Application Functionality › should load the home page successfully" classname="basic-functionality.test.ts" time="0">
<skipped>
</skipped>
</testcase>
<testcase name="Basic Application Functionality › should have working navigation" classname="basic-functionality.test.ts" time="0">
<skipped>
</skipped>
</testcase>
<testcase name="Basic Application Functionality › should handle page interactions without errors" classname="basic-functionality.test.ts" time="0">
<skipped>
</skipped>
</testcase>
<testcase name="Basic Application Functionality › should be responsive on mobile" classname="basic-functionality.test.ts" time="0">
<skipped>
</skipped>
</testcase>
</testsuite>
<testsuite name="critical-user-flows.test.ts" timestamp="2025-09-14T14:40:45.674Z" hostname="Microsoft Edge" tests="17" failures="0" skipped="17" time="0" errors="0">
<testcase name="Critical User Flows › Authentication Flows › should allow user to sign up with valid credentials" classname="critical-user-flows.test.ts" time="0">
<skipped>
</skipped>
</testcase>
<testcase name="Critical User Flows › Authentication Flows › should allow user to login with valid credentials" classname="critical-user-flows.test.ts" time="0">
<skipped>
</skipped>
</testcase>
<testcase name="Critical User Flows › Authentication Flows › should show error for invalid login credentials" classname="critical-user-flows.test.ts" time="0">
<skipped>
</skipped>
</testcase>
<testcase name="Critical User Flows › Authentication Flows › should validate password strength during sign up" classname="critical-user-flows.test.ts" time="0">
<skipped>
</skipped>
</testcase>
<testcase name="Critical User Flows › Perfume Browsing Flows › should allow user to browse perfumes in the vault" classname="critical-user-flows.test.ts" time="0">
<skipped>
</skipped>
</testcase>
<testcase name="Critical User Flows › Perfume Browsing Flows › should allow user to search for perfumes" classname="critical-user-flows.test.ts" time="0">
<skipped>
</skipped>
</testcase>
<testcase name="Critical User Flows › Perfume Browsing Flows › should allow user to filter perfumes by letter" classname="critical-user-flows.test.ts" time="0">
<skipped>
</skipped>
</testcase>
<testcase name="Critical User Flows › Perfume Browsing Flows › should allow user to sort perfumes" classname="critical-user-flows.test.ts" time="0">
<skipped>
</skipped>
</testcase>
<testcase name="Critical User Flows › Perfume Browsing Flows › should show no results message for invalid search" classname="critical-user-flows.test.ts" time="0">
<skipped>
</skipped>
</testcase>
<testcase name="Critical User Flows › Perfume Detail Flows › should allow user to view perfume details" classname="critical-user-flows.test.ts" time="0">
<skipped>
</skipped>
</testcase>
<testcase name="Critical User Flows › Perfume Detail Flows › should allow user to add perfume to wishlist" classname="critical-user-flows.test.ts" time="0">
<skipped>
</skipped>
</testcase>
<testcase name="Critical User Flows › Perfume Detail Flows › should allow user to rate a perfume" classname="critical-user-flows.test.ts" time="0">
<skipped>
</skipped>
</testcase>
<testcase name="Critical User Flows › Navigation Flows › should allow user to navigate between pages" classname="critical-user-flows.test.ts" time="0">
<skipped>
</skipped>
</testcase>
<testcase name="Critical User Flows › Navigation Flows › should maintain state when navigating back" classname="critical-user-flows.test.ts" time="0">
<skipped>
</skipped>
</testcase>
<testcase name="Critical User Flows › Error Handling Flows › should handle network errors gracefully" classname="critical-user-flows.test.ts" time="0">
<skipped>
</skipped>
</testcase>
<testcase name="Critical User Flows › Error Handling Flows › should show appropriate error messages" classname="critical-user-flows.test.ts" time="0">
<skipped>
</skipped>
</testcase>
<testcase name="Critical User Flows › Mobile Responsiveness › should work correctly on mobile devices" classname="critical-user-flows.test.ts" time="0">
<skipped>
</skipped>
</testcase>
</testsuite>
<testsuite name="admin-flows.test.ts" timestamp="2025-09-14T14:40:45.674Z" hostname="Google Chrome" tests="7" failures="0" skipped="7" time="0" errors="0">
<testcase name="Admin Flows › should allow admin to access admin dashboard" classname="admin-flows.test.ts" time="0">
<skipped>
</skipped>
</testcase>
<testcase name="Admin Flows › should allow admin to navigate to security monitor" classname="admin-flows.test.ts" time="0">
<skipped>
</skipped>
</testcase>
<testcase name="Admin Flows › should allow admin to navigate to data quality" classname="admin-flows.test.ts" time="0">
<skipped>
</skipped>
</testcase>
<testcase name="Admin Flows › should allow admin to create new perfume" classname="admin-flows.test.ts" time="0">
<skipped>
</skipped>
</testcase>
<testcase name="Admin Flows › should allow admin to create new perfume house" classname="admin-flows.test.ts" time="0">
<skipped>
</skipped>
</testcase>
<testcase name="Admin Flows › should redirect non-admin users from admin pages" classname="admin-flows.test.ts" time="0">
<skipped>
</skipped>
</testcase>
<testcase name="Admin Flows › should allow admin to logout" classname="admin-flows.test.ts" time="0">
<skipped>
</skipped>
</testcase>
</testsuite>
<testsuite name="basic-functionality.test.ts" timestamp="2025-09-14T14:40:45.674Z" hostname="Google Chrome" tests="4" failures="0" skipped="4" time="0" errors="0">
<testcase name="Basic Application Functionality › should load the home page successfully" classname="basic-functionality.test.ts" time="0">
<skipped>
</skipped>
</testcase>
<testcase name="Basic Application Functionality › should have working navigation" classname="basic-functionality.test.ts" time="0">
<skipped>
</skipped>
</testcase>
<testcase name="Basic Application Functionality › should handle page interactions without errors" classname="basic-functionality.test.ts" time="0">
<skipped>
</skipped>
</testcase>
<testcase name="Basic Application Functionality › should be responsive on mobile" classname="basic-functionality.test.ts" time="0">
<skipped>
</skipped>
</testcase>
</testsuite>
<testsuite name="critical-user-flows.test.ts" timestamp="2025-09-14T14:40:45.674Z" hostname="Google Chrome" tests="17" failures="0" skipped="17" time="0" errors="0">
<testcase name="Critical User Flows › Authentication Flows › should allow user to sign up with valid credentials" classname="critical-user-flows.test.ts" time="0">
<skipped>
</skipped>
</testcase>
<testcase name="Critical User Flows › Authentication Flows › should allow user to login with valid credentials" classname="critical-user-flows.test.ts" time="0">
<skipped>
</skipped>
</testcase>
<testcase name="Critical User Flows › Authentication Flows › should show error for invalid login credentials" classname="critical-user-flows.test.ts" time="0">
<skipped>
</skipped>
</testcase>
<testcase name="Critical User Flows › Authentication Flows › should validate password strength during sign up" classname="critical-user-flows.test.ts" time="0">
<skipped>
</skipped>
</testcase>
<testcase name="Critical User Flows › Perfume Browsing Flows › should allow user to browse perfumes in the vault" classname="critical-user-flows.test.ts" time="0">
<skipped>
</skipped>
</testcase>
<testcase name="Critical User Flows › Perfume Browsing Flows › should allow user to search for perfumes" classname="critical-user-flows.test.ts" time="0">
<skipped>
</skipped>
</testcase>
<testcase name="Critical User Flows › Perfume Browsing Flows › should allow user to filter perfumes by letter" classname="critical-user-flows.test.ts" time="0">
<skipped>
</skipped>
</testcase>
<testcase name="Critical User Flows › Perfume Browsing Flows › should allow user to sort perfumes" classname="critical-user-flows.test.ts" time="0">
<skipped>
</skipped>
</testcase>
<testcase name="Critical User Flows › Perfume Browsing Flows › should show no results message for invalid search" classname="critical-user-flows.test.ts" time="0">
<skipped>
</skipped>
</testcase>
<testcase name="Critical User Flows › Perfume Detail Flows › should allow user to view perfume details" classname="critical-user-flows.test.ts" time="0">
<skipped>
</skipped>
</testcase>
<testcase name="Critical User Flows › Perfume Detail Flows › should allow user to add perfume to wishlist" classname="critical-user-flows.test.ts" time="0">
<skipped>
</skipped>
</testcase>
<testcase name="Critical User Flows › Perfume Detail Flows › should allow user to rate a perfume" classname="critical-user-flows.test.ts" time="0">
<skipped>
</skipped>
</testcase>
<testcase name="Critical User Flows › Navigation Flows › should allow user to navigate between pages" classname="critical-user-flows.test.ts" time="0">
<skipped>
</skipped>
</testcase>
<testcase name="Critical User Flows › Navigation Flows › should maintain state when navigating back" classname="critical-user-flows.test.ts" time="0">
<skipped>
</skipped>
</testcase>
<testcase name="Critical User Flows › Error Handling Flows › should handle network errors gracefully" classname="critical-user-flows.test.ts" time="0">
<skipped>
</skipped>
</testcase>
<testcase name="Critical User Flows › Error Handling Flows › should show appropriate error messages" classname="critical-user-flows.test.ts" time="0">
<skipped>
</skipped>
</testcase>
<testcase name="Critical User Flows › Mobile Responsiveness › should work correctly on mobile devices" classname="critical-user-flows.test.ts" time="0">
<skipped>
</skipped>
</testcase>
</testsuite>
</testsuites>